2020.10.24 19:02:45 INFO  started: Metals version 0.9.4 in workspace 'C:\Users\alons\OneDrive\Escritorio\Universidad\Datos Masivos\Big_Data\Unit_1' for client vscode.
2020.10.24 19:02:46 INFO  time: initialize in 0.64s
2020.10.24 19:02:47 WARN  no build tool detected in workspace 'C:\Users\alons\OneDrive\Escritorio\Universidad\Datos Masivos\Big_Data\Unit_1'. The most common cause for this problem is that the editor was opened in the wrong working directory, for example if you use sbt then the workspace directory should contain build.sbt. 
2020.10.24 19:02:50 INFO  no build target: using presentation compiler with only scala-library
2020.10.24 19:02:50 WARN  no build target for: C:\Users\alons\OneDrive\Escritorio\Universidad\Datos Masivos\Big_Data\Unit_1\Evaluacion.scala
2020.10.24 19:03:12 WARN  no build tool detected in workspace 'C:\Users\alons\OneDrive\Escritorio\Universidad\Datos Masivos\Big_Data\Unit_1'. The most common cause for this problem is that the editor was opened in the wrong working directory, for example if you use sbt then the workspace directory should contain build.sbt. 
2020.10.24 19:03:12 WARN  no build target for: C:\Users\alons\OneDrive\Escritorio\Universidad\Datos Masivos\Big_Data\Unit_1\Evaluacion.scala
2020.10.24 19:04:14 WARN  no build tool detected in workspace 'C:\Users\alons\OneDrive\Escritorio\Universidad\Datos Masivos\Big_Data\Unit_1'. The most common cause for this problem is that the editor was opened in the wrong working directory, for example if you use sbt then the workspace directory should contain build.sbt. 
2020.10.24 19:04:38 WARN  no build target for: C:\Users\alons\OneDrive\Escritorio\Universidad\Datos Masivos\Big_Data\Unit_1\Evaluacion.scala
2020.10.24 19:05:38 WARN  no build tool detected in workspace 'C:\Users\alons\OneDrive\Escritorio\Universidad\Datos Masivos\Big_Data\Unit_1'. The most common cause for this problem is that the editor was opened in the wrong working directory, for example if you use sbt then the workspace directory should contain build.sbt. 
2020.10.24 19:05:45 WARN  no build tool detected in workspace 'C:\Users\alons\OneDrive\Escritorio\Universidad\Datos Masivos\Big_Data\Unit_1'. The most common cause for this problem is that the editor was opened in the wrong working directory, for example if you use sbt then the workspace directory should contain build.sbt. 
2020.10.24 19:07:19 WARN  no build tool detected in workspace 'C:\Users\alons\OneDrive\Escritorio\Universidad\Datos Masivos\Big_Data\Unit_1'. The most common cause for this problem is that the editor was opened in the wrong working directory, for example if you use sbt then the workspace directory should contain build.sbt. 
2020.10.24 19:07:19 WARN  no build tool detected in workspace 'C:\Users\alons\OneDrive\Escritorio\Universidad\Datos Masivos\Big_Data\Unit_1'. The most common cause for this problem is that the editor was opened in the wrong working directory, for example if you use sbt then the workspace directory should contain build.sbt. 
2020.10.24 19:07:36 WARN  no build tool detected in workspace 'C:\Users\alons\OneDrive\Escritorio\Universidad\Datos Masivos\Big_Data\Unit_1'. The most common cause for this problem is that the editor was opened in the wrong working directory, for example if you use sbt then the workspace directory should contain build.sbt. 
2020.10.24 19:07:36 WARN  no build tool detected in workspace 'C:\Users\alons\OneDrive\Escritorio\Universidad\Datos Masivos\Big_Data\Unit_1'. The most common cause for this problem is that the editor was opened in the wrong working directory, for example if you use sbt then the workspace directory should contain build.sbt. 
2020.10.24 19:27:35 WARN  no build tool detected in workspace 'C:\Users\alons\OneDrive\Escritorio\Universidad\Datos Masivos\Big_Data\Unit_1'. The most common cause for this problem is that the editor was opened in the wrong working directory, for example if you use sbt then the workspace directory should contain build.sbt. 
2020.10.24 19:27:35 WARN  no build tool detected in workspace 'C:\Users\alons\OneDrive\Escritorio\Universidad\Datos Masivos\Big_Data\Unit_1'. The most common cause for this problem is that the editor was opened in the wrong working directory, for example if you use sbt then the workspace directory should contain build.sbt. 
2020.10.24 19:38:00 WARN  no build target for: C:\Users\alons\OneDrive\Escritorio\Universidad\Datos Masivos\Big_Data\Unit_1\Evaluacion.scala
2020.10.24 19:38:32 WARN  no build target for: C:\Users\alons\OneDrive\Escritorio\Universidad\Datos Masivos\Big_Data\Unit_1\Evaluacion.scala
2020.10.24 19:41:55 WARN  no build tool detected in workspace 'C:\Users\alons\OneDrive\Escritorio\Universidad\Datos Masivos\Big_Data\Unit_1'. The most common cause for this problem is that the editor was opened in the wrong working directory, for example if you use sbt then the workspace directory should contain build.sbt. 
2020.10.24 19:41:55 WARN  no build tool detected in workspace 'C:\Users\alons\OneDrive\Escritorio\Universidad\Datos Masivos\Big_Data\Unit_1'. The most common cause for this problem is that the editor was opened in the wrong working directory, for example if you use sbt then the workspace directory should contain build.sbt. 
2020.10.24 19:41:55 WARN  no build tool detected in workspace 'C:\Users\alons\OneDrive\Escritorio\Universidad\Datos Masivos\Big_Data\Unit_1'. The most common cause for this problem is that the editor was opened in the wrong working directory, for example if you use sbt then the workspace directory should contain build.sbt. 
2020.10.24 19:41:55 WARN  no build tool detected in workspace 'C:\Users\alons\OneDrive\Escritorio\Universidad\Datos Masivos\Big_Data\Unit_1'. The most common cause for this problem is that the editor was opened in the wrong working directory, for example if you use sbt then the workspace directory should contain build.sbt. 
2020.10.24 19:41:56 WARN  no build tool detected in workspace 'C:\Users\alons\OneDrive\Escritorio\Universidad\Datos Masivos\Big_Data\Unit_1'. The most common cause for this problem is that the editor was opened in the wrong working directory, for example if you use sbt then the workspace directory should contain build.sbt. 
2020.10.24 19:42:06 WARN  no build tool detected in workspace 'C:\Users\alons\OneDrive\Escritorio\Universidad\Datos Masivos\Big_Data\Unit_1'. The most common cause for this problem is that the editor was opened in the wrong working directory, for example if you use sbt then the workspace directory should contain build.sbt. 
2020.10.24 19:42:06 WARN  no build tool detected in workspace 'C:\Users\alons\OneDrive\Escritorio\Universidad\Datos Masivos\Big_Data\Unit_1'. The most common cause for this problem is that the editor was opened in the wrong working directory, for example if you use sbt then the workspace directory should contain build.sbt. 
2020.10.24 19:42:27 WARN  no build tool detected in workspace 'C:\Users\alons\OneDrive\Escritorio\Universidad\Datos Masivos\Big_Data\Unit_1'. The most common cause for this problem is that the editor was opened in the wrong working directory, for example if you use sbt then the workspace directory should contain build.sbt. 
2020.10.24 19:42:27 WARN  no build tool detected in workspace 'C:\Users\alons\OneDrive\Escritorio\Universidad\Datos Masivos\Big_Data\Unit_1'. The most common cause for this problem is that the editor was opened in the wrong working directory, for example if you use sbt then the workspace directory should contain build.sbt. 
2020.10.24 19:42:27 WARN  no build tool detected in workspace 'C:\Users\alons\OneDrive\Escritorio\Universidad\Datos Masivos\Big_Data\Unit_1'. The most common cause for this problem is that the editor was opened in the wrong working directory, for example if you use sbt then the workspace directory should contain build.sbt. 
2020.10.24 19:42:27 WARN  no build tool detected in workspace 'C:\Users\alons\OneDrive\Escritorio\Universidad\Datos Masivos\Big_Data\Unit_1'. The most common cause for this problem is that the editor was opened in the wrong working directory, for example if you use sbt then the workspace directory should contain build.sbt. 
2020.10.24 19:42:28 WARN  no build tool detected in workspace 'C:\Users\alons\OneDrive\Escritorio\Universidad\Datos Masivos\Big_Data\Unit_1'. The most common cause for this problem is that the editor was opened in the wrong working directory, for example if you use sbt then the workspace directory should contain build.sbt. 
2020.10.24 19:42:28 WARN  no build tool detected in workspace 'C:\Users\alons\OneDrive\Escritorio\Universidad\Datos Masivos\Big_Data\Unit_1'. The most common cause for this problem is that the editor was opened in the wrong working directory, for example if you use sbt then the workspace directory should contain build.sbt. 
2020.10.24 19:42:28 WARN  no build tool detected in workspace 'C:\Users\alons\OneDrive\Escritorio\Universidad\Datos Masivos\Big_Data\Unit_1'. The most common cause for this problem is that the editor was opened in the wrong working directory, for example if you use sbt then the workspace directory should contain build.sbt. 
2020.10.24 19:42:32 WARN  no build tool detected in workspace 'C:\Users\alons\OneDrive\Escritorio\Universidad\Datos Masivos\Big_Data\Unit_1'. The most common cause for this problem is that the editor was opened in the wrong working directory, for example if you use sbt then the workspace directory should contain build.sbt. 
2020.10.24 19:42:32 WARN  no build tool detected in workspace 'C:\Users\alons\OneDrive\Escritorio\Universidad\Datos Masivos\Big_Data\Unit_1'. The most common cause for this problem is that the editor was opened in the wrong working directory, for example if you use sbt then the workspace directory should contain build.sbt. 
2020.10.24 19:42:46 WARN  no build tool detected in workspace 'C:\Users\alons\OneDrive\Escritorio\Universidad\Datos Masivos\Big_Data\Unit_1'. The most common cause for this problem is that the editor was opened in the wrong working directory, for example if you use sbt then the workspace directory should contain build.sbt. 
2020.10.24 19:47:43 WARN  no build tool detected in workspace 'C:\Users\alons\OneDrive\Escritorio\Universidad\Datos Masivos\Big_Data\Unit_1'. The most common cause for this problem is that the editor was opened in the wrong working directory, for example if you use sbt then the workspace directory should contain build.sbt. 
2020.10.24 19:47:43 WARN  no build tool detected in workspace 'C:\Users\alons\OneDrive\Escritorio\Universidad\Datos Masivos\Big_Data\Unit_1'. The most common cause for this problem is that the editor was opened in the wrong working directory, for example if you use sbt then the workspace directory should contain build.sbt. 
2020.10.24 19:47:43 WARN  no build tool detected in workspace 'C:\Users\alons\OneDrive\Escritorio\Universidad\Datos Masivos\Big_Data\Unit_1'. The most common cause for this problem is that the editor was opened in the wrong working directory, for example if you use sbt then the workspace directory should contain build.sbt. 
2020.10.24 19:47:43 WARN  no build tool detected in workspace 'C:\Users\alons\OneDrive\Escritorio\Universidad\Datos Masivos\Big_Data\Unit_1'. The most common cause for this problem is that the editor was opened in the wrong working directory, for example if you use sbt then the workspace directory should contain build.sbt. 
2020.10.24 19:47:44 WARN  no build tool detected in workspace 'C:\Users\alons\OneDrive\Escritorio\Universidad\Datos Masivos\Big_Data\Unit_1'. The most common cause for this problem is that the editor was opened in the wrong working directory, for example if you use sbt then the workspace directory should contain build.sbt. 
2020.10.24 19:47:44 WARN  no build tool detected in workspace 'C:\Users\alons\OneDrive\Escritorio\Universidad\Datos Masivos\Big_Data\Unit_1'. The most common cause for this problem is that the editor was opened in the wrong working directory, for example if you use sbt then the workspace directory should contain build.sbt. 
2020.10.24 19:47:46 WARN  no build tool detected in workspace 'C:\Users\alons\OneDrive\Escritorio\Universidad\Datos Masivos\Big_Data\Unit_1'. The most common cause for this problem is that the editor was opened in the wrong working directory, for example if you use sbt then the workspace directory should contain build.sbt. 
2020.10.24 19:47:46 WARN  no build tool detected in workspace 'C:\Users\alons\OneDrive\Escritorio\Universidad\Datos Masivos\Big_Data\Unit_1'. The most common cause for this problem is that the editor was opened in the wrong working directory, for example if you use sbt then the workspace directory should contain build.sbt. 
2020.10.24 19:47:46 WARN  no build tool detected in workspace 'C:\Users\alons\OneDrive\Escritorio\Universidad\Datos Masivos\Big_Data\Unit_1'. The most common cause for this problem is that the editor was opened in the wrong working directory, for example if you use sbt then the workspace directory should contain build.sbt. 
2020.10.24 19:47:46 WARN  no build tool detected in workspace 'C:\Users\alons\OneDrive\Escritorio\Universidad\Datos Masivos\Big_Data\Unit_1'. The most common cause for this problem is that the editor was opened in the wrong working directory, for example if you use sbt then the workspace directory should contain build.sbt. 
2020.10.24 19:47:47 WARN  no build tool detected in workspace 'C:\Users\alons\OneDrive\Escritorio\Universidad\Datos Masivos\Big_Data\Unit_1'. The most common cause for this problem is that the editor was opened in the wrong working directory, for example if you use sbt then the workspace directory should contain build.sbt. 
2020.10.24 19:47:47 WARN  no build tool detected in workspace 'C:\Users\alons\OneDrive\Escritorio\Universidad\Datos Masivos\Big_Data\Unit_1'. The most common cause for this problem is that the editor was opened in the wrong working directory, for example if you use sbt then the workspace directory should contain build.sbt. 
2020.10.24 19:47:47 WARN  no build tool detected in workspace 'C:\Users\alons\OneDrive\Escritorio\Universidad\Datos Masivos\Big_Data\Unit_1'. The most common cause for this problem is that the editor was opened in the wrong working directory, for example if you use sbt then the workspace directory should contain build.sbt. 
2020.10.24 19:47:47 WARN  no build tool detected in workspace 'C:\Users\alons\OneDrive\Escritorio\Universidad\Datos Masivos\Big_Data\Unit_1'. The most common cause for this problem is that the editor was opened in the wrong working directory, for example if you use sbt then the workspace directory should contain build.sbt. 
2020.10.24 19:47:49 WARN  no build tool detected in workspace 'C:\Users\alons\OneDrive\Escritorio\Universidad\Datos Masivos\Big_Data\Unit_1'. The most common cause for this problem is that the editor was opened in the wrong working directory, for example if you use sbt then the workspace directory should contain build.sbt. 
2020.10.24 19:47:49 WARN  no build tool detected in workspace 'C:\Users\alons\OneDrive\Escritorio\Universidad\Datos Masivos\Big_Data\Unit_1'. The most common cause for this problem is that the editor was opened in the wrong working directory, for example if you use sbt then the workspace directory should contain build.sbt. 
2020.10.24 19:47:49 WARN  no build tool detected in workspace 'C:\Users\alons\OneDrive\Escritorio\Universidad\Datos Masivos\Big_Data\Unit_1'. The most common cause for this problem is that the editor was opened in the wrong working directory, for example if you use sbt then the workspace directory should contain build.sbt. 
2020.10.24 19:47:51 WARN  no build target for: C:\Users\alons\OneDrive\Escritorio\Universidad\Datos Masivos\Big_Data\Unit_1\Evaluacion.scala
2020.10.24 19:51:33 WARN  no build tool detected in workspace 'C:\Users\alons\OneDrive\Escritorio\Universidad\Datos Masivos\Big_Data\Unit_1'. The most common cause for this problem is that the editor was opened in the wrong working directory, for example if you use sbt then the workspace directory should contain build.sbt. 
2020.10.24 19:51:40 WARN  no build tool detected in workspace 'C:\Users\alons\OneDrive\Escritorio\Universidad\Datos Masivos\Big_Data\Unit_1'. The most common cause for this problem is that the editor was opened in the wrong working directory, for example if you use sbt then the workspace directory should contain build.sbt. 
2020.10.24 19:53:59 WARN  no build target for: C:\Users\alons\OneDrive\Escritorio\Universidad\Datos Masivos\Big_Data\Unit_1\Evaluacion.scala
2020.10.24 20:15:41 WARN  no build tool detected in workspace 'C:\Users\alons\OneDrive\Escritorio\Universidad\Datos Masivos\Big_Data\Unit_1'. The most common cause for this problem is that the editor was opened in the wrong working directory, for example if you use sbt then the workspace directory should contain build.sbt. 
2020.10.24 20:15:41 WARN  no build tool detected in workspace 'C:\Users\alons\OneDrive\Escritorio\Universidad\Datos Masivos\Big_Data\Unit_1'. The most common cause for this problem is that the editor was opened in the wrong working directory, for example if you use sbt then the workspace directory should contain build.sbt. 
2020.10.24 20:17:07 WARN  no build tool detected in workspace 'C:\Users\alons\OneDrive\Escritorio\Universidad\Datos Masivos\Big_Data\Unit_1'. The most common cause for this problem is that the editor was opened in the wrong working directory, for example if you use sbt then the workspace directory should contain build.sbt. 
2020.10.24 20:17:07 WARN  no build tool detected in workspace 'C:\Users\alons\OneDrive\Escritorio\Universidad\Datos Masivos\Big_Data\Unit_1'. The most common cause for this problem is that the editor was opened in the wrong working directory, for example if you use sbt then the workspace directory should contain build.sbt. 
2020.10.24 20:17:07 WARN  no build tool detected in workspace 'C:\Users\alons\OneDrive\Escritorio\Universidad\Datos Masivos\Big_Data\Unit_1'. The most common cause for this problem is that the editor was opened in the wrong working directory, for example if you use sbt then the workspace directory should contain build.sbt. 
2020.10.24 20:17:07 WARN  no build tool detected in workspace 'C:\Users\alons\OneDrive\Escritorio\Universidad\Datos Masivos\Big_Data\Unit_1'. The most common cause for this problem is that the editor was opened in the wrong working directory, for example if you use sbt then the workspace directory should contain build.sbt. 
2020.10.24 20:17:26 WARN  no build tool detected in workspace 'C:\Users\alons\OneDrive\Escritorio\Universidad\Datos Masivos\Big_Data\Unit_1'. The most common cause for this problem is that the editor was opened in the wrong working directory, for example if you use sbt then the workspace directory should contain build.sbt. 
2020.10.24 20:19:03 WARN  no build tool detected in workspace 'C:\Users\alons\OneDrive\Escritorio\Universidad\Datos Masivos\Big_Data\Unit_1'. The most common cause for this problem is that the editor was opened in the wrong working directory, for example if you use sbt then the workspace directory should contain build.sbt. 
2020.10.24 20:19:08 WARN  no build tool detected in workspace 'C:\Users\alons\OneDrive\Escritorio\Universidad\Datos Masivos\Big_Data\Unit_1'. The most common cause for this problem is that the editor was opened in the wrong working directory, for example if you use sbt then the workspace directory should contain build.sbt. 
2020.10.24 20:19:08 WARN  no build tool detected in workspace 'C:\Users\alons\OneDrive\Escritorio\Universidad\Datos Masivos\Big_Data\Unit_1'. The most common cause for this problem is that the editor was opened in the wrong working directory, for example if you use sbt then the workspace directory should contain build.sbt. 
2020.10.24 20:19:31 WARN  no build tool detected in workspace 'C:\Users\alons\OneDrive\Escritorio\Universidad\Datos Masivos\Big_Data\Unit_1'. The most common cause for this problem is that the editor was opened in the wrong working directory, for example if you use sbt then the workspace directory should contain build.sbt. 
2020.10.24 20:19:38 WARN  no build tool detected in workspace 'C:\Users\alons\OneDrive\Escritorio\Universidad\Datos Masivos\Big_Data\Unit_1'. The most common cause for this problem is that the editor was opened in the wrong working directory, for example if you use sbt then the workspace directory should contain build.sbt. 
2020.10.24 20:19:38 WARN  no build tool detected in workspace 'C:\Users\alons\OneDrive\Escritorio\Universidad\Datos Masivos\Big_Data\Unit_1'. The most common cause for this problem is that the editor was opened in the wrong working directory, for example if you use sbt then the workspace directory should contain build.sbt. 
2020.10.24 20:19:44 WARN  no build tool detected in workspace 'C:\Users\alons\OneDrive\Escritorio\Universidad\Datos Masivos\Big_Data\Unit_1'. The most common cause for this problem is that the editor was opened in the wrong working directory, for example if you use sbt then the workspace directory should contain build.sbt. 
2020.10.24 20:19:57 WARN  no build tool detected in workspace 'C:\Users\alons\OneDrive\Escritorio\Universidad\Datos Masivos\Big_Data\Unit_1'. The most common cause for this problem is that the editor was opened in the wrong working directory, for example if you use sbt then the workspace directory should contain build.sbt. 
2020.10.24 20:20:20 WARN  no build tool detected in workspace 'C:\Users\alons\OneDrive\Escritorio\Universidad\Datos Masivos\Big_Data\Unit_1'. The most common cause for this problem is that the editor was opened in the wrong working directory, for example if you use sbt then the workspace directory should contain build.sbt. 
2020.10.24 20:20:25 WARN  no build tool detected in workspace 'C:\Users\alons\OneDrive\Escritorio\Universidad\Datos Masivos\Big_Data\Unit_1'. The most common cause for this problem is that the editor was opened in the wrong working directory, for example if you use sbt then the workspace directory should contain build.sbt. 
2020.10.24 20:20:55 WARN  no build tool detected in workspace 'C:\Users\alons\OneDrive\Escritorio\Universidad\Datos Masivos\Big_Data\Unit_1'. The most common cause for this problem is that the editor was opened in the wrong working directory, for example if you use sbt then the workspace directory should contain build.sbt. 
2020.10.24 20:20:55 WARN  no build tool detected in workspace 'C:\Users\alons\OneDrive\Escritorio\Universidad\Datos Masivos\Big_Data\Unit_1'. The most common cause for this problem is that the editor was opened in the wrong working directory, for example if you use sbt then the workspace directory should contain build.sbt. 
2020.10.24 20:21:00 WARN  no build tool detected in workspace 'C:\Users\alons\OneDrive\Escritorio\Universidad\Datos Masivos\Big_Data\Unit_1'. The most common cause for this problem is that the editor was opened in the wrong working directory, for example if you use sbt then the workspace directory should contain build.sbt. 
2020.10.24 20:21:00 WARN  no build tool detected in workspace 'C:\Users\alons\OneDrive\Escritorio\Universidad\Datos Masivos\Big_Data\Unit_1'. The most common cause for this problem is that the editor was opened in the wrong working directory, for example if you use sbt then the workspace directory should contain build.sbt. 
2020.10.24 20:21:30 WARN  no build tool detected in workspace 'C:\Users\alons\OneDrive\Escritorio\Universidad\Datos Masivos\Big_Data\Unit_1'. The most common cause for this problem is that the editor was opened in the wrong working directory, for example if you use sbt then the workspace directory should contain build.sbt. 
2020.10.24 20:21:46 WARN  no build tool detected in workspace 'C:\Users\alons\OneDrive\Escritorio\Universidad\Datos Masivos\Big_Data\Unit_1'. The most common cause for this problem is that the editor was opened in the wrong working directory, for example if you use sbt then the workspace directory should contain build.sbt. 
2020.10.24 20:22:12 WARN  no build tool detected in workspace 'C:\Users\alons\OneDrive\Escritorio\Universidad\Datos Masivos\Big_Data\Unit_1'. The most common cause for this problem is that the editor was opened in the wrong working directory, for example if you use sbt then the workspace directory should contain build.sbt. 
2020.10.26 14:34:42 INFO  started: Metals version 0.9.4 in workspace 'C:\Users\alons\OneDrive\Escritorio\Universidad\Datos Masivos\Big_Data\Unit_1' for client vscode.
2020.10.26 14:34:42 INFO  time: initialize in 0.53s
2020.10.26 14:34:47 WARN  no build tool detected in workspace 'C:\Users\alons\OneDrive\Escritorio\Universidad\Datos Masivos\Big_Data\Unit_1'. The most common cause for this problem is that the editor was opened in the wrong working directory, for example if you use sbt then the workspace directory should contain build.sbt. 
Oct 26, 2020 2:35:53 PM org.eclipse.lsp4j.jsonrpc.services.GenericEndpoint notify
INFO: Unsupported notification method: $/setTraceNotification
2020.10.26 14:36:11 INFO  shutting down Metals
